<?xml version="1.0" encoding="UTF-8"?>
<!-- Generated by org.testng.reporters.JUnitXMLReporter -->
<testsuite ignored="0" hostname="zazn-bet-c4cbe1" failures="0" tests="2" name="Test" time="34.889" errors="0" timestamp="2024-09-30T23:06:52 SAST">
  <testcase classname="SecuritEase.sipho_qa_demo.TableResultsValidationTest" name="bbcSportNewsRender" time="10.915"/>
  <testcase classname="SecuritEase.sipho_qa_demo.SearchResultsRetrieveTest" name="bbcSportArticlesRetriev" time="2.549"/>
</testsuite> <!-- Test -->
