<?xml version="1.0" encoding="UTF-8"?>
<!-- Generated by org.testng.reporters.JUnitXMLReporter -->
<testsuite ignored="0" hostname="zazn-bet-c4cbe1" failures="0" tests="2" name="Test" time="44.25" errors="0" timestamp="2024-10-04T12:06:06 CAT">
  <testcase classname="SecuritEase.sipho_qa_demo.TableResultsValidationTest" name="bbcSportNewsRender" time="26.752"/>
  <testcase classname="SecuritEase.sipho_qa_demo.SearchResultsRetrieveTest" name="bbcSportArticlesRetriev" time="1.853"/>
</testsuite> <!-- Test -->
