<?xml version="1.0" encoding="UTF-8"?>
<testng-results ignored="0" total="2" passed="2" failed="0" skipped="0">
  <reporter-output>
  </reporter-output>
  <suite started-at="2024-09-30T23:06:18 SAST" name="Suite" finished-at="2024-09-30T23:06:52 SAST" duration-ms="34889">
    <groups>
    </groups>
    <test started-at="2024-09-30T23:06:18 SAST" name="Test" finished-at="2024-09-30T23:06:52 SAST" duration-ms="34889">
      <class name="SecuritEase.sipho_qa_demo.TableResultsValidationTest">
        <test-method is-config="true" signature="launchApplication()[pri:0, instance:SecuritEase.sipho_qa_demo.TableResultsValidationTest@1cf6d1be]" started-at="2024-09-30T23:06:18 SAST" name="launchApplication" finished-at="2024-09-30T23:06:28 SAST" duration-ms="10419" status="PASS">
          <reporter-output>
          </reporter-output>
        </test-method> <!-- launchApplication -->
        <test-method signature="bbcSportNewsRender()[pri:0, instance:SecuritEase.sipho_qa_demo.TableResultsValidationTest@1cf6d1be]" started-at="2024-09-30T23:06:28 SAST" name="bbcSportNewsRender" finished-at="2024-09-30T23:06:39 SAST" duration-ms="10915" status="PASS">
          <reporter-output>
          </reporter-output>
        </test-method> <!-- bbcSportNewsRender -->
        <test-method is-config="true" signature="tearDown()[pri:0, instance:SecuritEase.sipho_qa_demo.TableResultsValidationTest@1cf6d1be]" started-at="2024-09-30T23:06:39 SAST" name="tearDown" finished-at="2024-09-30T23:06:39 SAST" duration-ms="215" status="PASS">
          <reporter-output>
          </reporter-output>
        </test-method> <!-- tearDown -->
      </class> <!-- SecuritEase.sipho_qa_demo.TableResultsValidationTest -->
      <class name="SecuritEase.sipho_qa_demo.SearchResultsRetrieveTest">
        <test-method is-config="true" signature="launchApplication()[pri:0, instance:SecuritEase.sipho_qa_demo.SearchResultsRetrieveTest@2b40ff9c]" started-at="2024-09-30T23:06:39 SAST" name="launchApplication" finished-at="2024-09-30T23:06:50 SAST" duration-ms="10488" status="PASS">
          <reporter-output>
          </reporter-output>
        </test-method> <!-- launchApplication -->
        <test-method signature="bbcSportArticlesRetriev()[pri:0, instance:SecuritEase.sipho_qa_demo.SearchResultsRetrieveTest@2b40ff9c]" started-at="2024-09-30T23:06:50 SAST" name="bbcSportArticlesRetriev" finished-at="2024-09-30T23:06:52 SAST" duration-ms="2549" status="PASS">
          <reporter-output>
          </reporter-output>
        </test-method> <!-- bbcSportArticlesRetriev -->
        <test-method is-config="true" signature="tearDown()[pri:0, instance:SecuritEase.sipho_qa_demo.SearchResultsRetrieveTest@2b40ff9c]" started-at="2024-09-30T23:06:52 SAST" name="tearDown" finished-at="2024-09-30T23:06:52 SAST" duration-ms="245" status="PASS">
          <reporter-output>
          </reporter-output>
        </test-method> <!-- tearDown -->
      </class> <!-- SecuritEase.sipho_qa_demo.SearchResultsRetrieveTest -->
    </test> <!-- Test -->
  </suite> <!-- Suite -->
</testng-results>
